<?xml version="1.0" encoding="UTF-8"?>
<!-- Generated by org.testng.reporters.JUnitXMLReporter -->
<testsuite ignored="0" hostname="Anjali" failures="1" tests="2" name="Test" time="28.892" errors="0" timestamp="2023-09-27T13:25:29 IST">
  <testcase classname="annotations.test" name="Browsertest" time="1.166"/>
  <testcase classname="annotations.test" name="test2" time="6.665">
    <failure type="org.openqa.selenium.NoSuchElementException" message="Unable to find element with locator By.xpath: //a[text=&amp;apos;My Wishlist&amp;apos;]
For documentation on this error, please visit: https://www.selenium.dev/documentation/webdriver/troubleshooting/errors#no-such-element-exception
Build info: version: &amp;apos;4.11.0&amp;apos;, revision: &amp;apos;040bc5406b&amp;apos;
System info: os.name: &amp;apos;Windows 10&amp;apos;, os.arch: &amp;apos;amd64&amp;apos;, os.version: &amp;apos;10.0&amp;apos;, java.version: &amp;apos;20.0.1&amp;apos;
Driver info: driver.version: RemoteWebDriver">
      <![CDATA[org.openqa.selenium.NoSuchElementException: Unable to find element with locator By.xpath: //a[text='My Wishlist']
For documentation on this error, please visit: https://www.selenium.dev/documentation/webdriver/troubleshooting/errors#no-such-element-exception
Build info: version: '4.11.0', revision: '040bc5406b'
System info: os.name: 'Windows 10', os.arch: 'amd64', os.version: '10.0', java.version: '20.0.1'
Driver info: driver.version: RemoteWebDriver
at org.openqa.selenium.remote.ElementLocation$ElementFinder$2.findElement(ElementLocation.java:168)
at org.openqa.selenium.remote.ElementLocation.findElement(ElementLocation.java:59)
at org.openqa.selenium.remote.RemoteWebDriver.findElement(RemoteWebDriver.java:355)
at org.openqa.selenium.remote.RemoteWebDriver.findElement(RemoteWebDriver.java:349)
at annotations.test.test2(test.java:36)
at java.base/java.util.ArrayList.forEach(ArrayList.java:1511)
... Removed 25 stack frames]]>
    </failure>
  </testcase> <!-- test2 -->
</testsuite> <!-- Test -->
